  LeechCoreRpc.cpp
C:\Users\Administrator\Desktop\新建文件夹 (3)\副机\LeechCore\NativeStruct.h(133,11): warning C4200: 使用了非标准扩展: 结构/联合中的零大小数组
  (编译源文件“LeechCoreRpc.cpp”)
      C:\Users\Administrator\Desktop\新建文件夹 (3)\副机\LeechCore\NativeStruct.h(133,11):
      默认构造函数或 copy/move 赋值运算符将忽略此成员
  
C:\Users\Administrator\Desktop\新建文件夹 (3)\副机\LeechCore\NativeStruct.h(166,10): warning C4200: 使用了非标准扩展: 结构/联合中的零大小数组
  (编译源文件“LeechCoreRpc.cpp”)
      C:\Users\Administrator\Desktop\新建文件夹 (3)\副机\LeechCore\NativeStruct.h(166,10):
      默认构造函数或 copy/move 赋值运算符将忽略此成员
  
C:\Users\Administrator\Desktop\新建文件夹 (3)\副机\LeechCore\NativeStruct.h(306,10): warning C4200: 使用了非标准扩展: 结构/联合中的零大小数组
  (编译源文件“LeechCoreRpc.cpp”)
      C:\Users\Administrator\Desktop\新建文件夹 (3)\副机\LeechCore\NativeStruct.h(306,10):
      默认构造函数或 copy/move 赋值运算符将忽略此成员
  
C:\Users\Administrator\Desktop\新建文件夹 (3)\副机\LeechCore\NativeStruct.h(331,10): warning C4200: 使用了非标准扩展: 结构/联合中的零大小数组
  (编译源文件“LeechCoreRpc.cpp”)
      C:\Users\Administrator\Desktop\新建文件夹 (3)\副机\LeechCore\NativeStruct.h(331,10):
      默认构造函数或 copy/move 赋值运算符将忽略此成员
  
C:\Users\Administrator\Desktop\新建文件夹 (3)\副机\LeechCore\NativeStruct.h(344,30): warning C4200: 使用了非标准扩展: 结构/联合中的零大小数组
  (编译源文件“LeechCoreRpc.cpp”)
      C:\Users\Administrator\Desktop\新建文件夹 (3)\副机\LeechCore\NativeStruct.h(344,30):
      默认构造函数或 copy/move 赋值运算符将忽略此成员
  
  LeechRpc.cpp
C:\Users\Administrator\Desktop\新建文件夹 (3)\副机\LeechCore\NativeStruct.h(133,11): warning C4200: 使用了非标准扩展: 结构/联合中的零大小数组
  (编译源文件“LeechRpc.cpp”)
      C:\Users\Administrator\Desktop\新建文件夹 (3)\副机\LeechCore\NativeStruct.h(133,11):
      默认构造函数或 copy/move 赋值运算符将忽略此成员
  
C:\Users\Administrator\Desktop\新建文件夹 (3)\副机\LeechCore\NativeStruct.h(166,10): warning C4200: 使用了非标准扩展: 结构/联合中的零大小数组
  (编译源文件“LeechRpc.cpp”)
      C:\Users\Administrator\Desktop\新建文件夹 (3)\副机\LeechCore\NativeStruct.h(166,10):
      默认构造函数或 copy/move 赋值运算符将忽略此成员
  
C:\Users\Administrator\Desktop\新建文件夹 (3)\副机\LeechCore\NativeStruct.h(306,10): warning C4200: 使用了非标准扩展: 结构/联合中的零大小数组
  (编译源文件“LeechRpc.cpp”)
      C:\Users\Administrator\Desktop\新建文件夹 (3)\副机\LeechCore\NativeStruct.h(306,10):
      默认构造函数或 copy/move 赋值运算符将忽略此成员
  
C:\Users\Administrator\Desktop\新建文件夹 (3)\副机\LeechCore\NativeStruct.h(331,10): warning C4200: 使用了非标准扩展: 结构/联合中的零大小数组
  (编译源文件“LeechRpc.cpp”)
      C:\Users\Administrator\Desktop\新建文件夹 (3)\副机\LeechCore\NativeStruct.h(331,10):
      默认构造函数或 copy/move 赋值运算符将忽略此成员
  
C:\Users\Administrator\Desktop\新建文件夹 (3)\副机\LeechCore\NativeStruct.h(344,30): warning C4200: 使用了非标准扩展: 结构/联合中的零大小数组
  (编译源文件“LeechRpc.cpp”)
      C:\Users\Administrator\Desktop\新建文件夹 (3)\副机\LeechCore\NativeStruct.h(344,30):
      默认构造函数或 copy/move 赋值运算符将忽略此成员
  
  Leechcore.cpp
C:\Users\Administrator\Desktop\新建文件夹 (3)\副机\LeechCore\NativeStruct.h(133,11): warning C4200: 使用了非标准扩展: 结构/联合中的零大小数组
  (编译源文件“Leechcore.cpp”)
      C:\Users\Administrator\Desktop\新建文件夹 (3)\副机\LeechCore\NativeStruct.h(133,11):
      默认构造函数或 copy/move 赋值运算符将忽略此成员
  
C:\Users\Administrator\Desktop\新建文件夹 (3)\副机\LeechCore\NativeStruct.h(166,10): warning C4200: 使用了非标准扩展: 结构/联合中的零大小数组
  (编译源文件“Leechcore.cpp”)
      C:\Users\Administrator\Desktop\新建文件夹 (3)\副机\LeechCore\NativeStruct.h(166,10):
      默认构造函数或 copy/move 赋值运算符将忽略此成员
  
C:\Users\Administrator\Desktop\新建文件夹 (3)\副机\LeechCore\NativeStruct.h(306,10): warning C4200: 使用了非标准扩展: 结构/联合中的零大小数组
  (编译源文件“Leechcore.cpp”)
      C:\Users\Administrator\Desktop\新建文件夹 (3)\副机\LeechCore\NativeStruct.h(306,10):
      默认构造函数或 copy/move 赋值运算符将忽略此成员
  
C:\Users\Administrator\Desktop\新建文件夹 (3)\副机\LeechCore\NativeStruct.h(331,10): warning C4200: 使用了非标准扩展: 结构/联合中的零大小数组
  (编译源文件“Leechcore.cpp”)
      C:\Users\Administrator\Desktop\新建文件夹 (3)\副机\LeechCore\NativeStruct.h(331,10):
      默认构造函数或 copy/move 赋值运算符将忽略此成员
  
C:\Users\Administrator\Desktop\新建文件夹 (3)\副机\LeechCore\NativeStruct.h(344,30): warning C4200: 使用了非标准扩展: 结构/联合中的零大小数组
  (编译源文件“Leechcore.cpp”)
      C:\Users\Administrator\Desktop\新建文件夹 (3)\副机\LeechCore\NativeStruct.h(344,30):
      默认构造函数或 copy/move 赋值运算符将忽略此成员
  
C:\Users\Administrator\Desktop\新建文件夹 (3)\副机\LeechCore\Leechcore.cpp(100,11): warning C4101: “cch”: 未引用的局部变量
C:\Users\Administrator\Desktop\新建文件夹 (3)\副机\LeechCore\Leechcore.cpp(99,10): warning C4101: “c”: 未引用的局部变量
C:\Users\Administrator\Desktop\新建文件夹 (3)\副机\LeechCore\Leechcore.cpp(230,18): warning C4996: '_wfopen': This function or variable may be unsafe. Consider using _wfopen_s instead. To disable deprecation, use _CRT_SECURE_NO_WARNINGS. See online help for details.
C:\Users\Administrator\Desktop\新建文件夹 (3)\副机\LeechCore\Leechcore.cpp(253,17): warning C4996: 'wcsncpy': This function or variable may be unsafe. Consider using wcsncpy_s instead. To disable deprecation, use _CRT_SECURE_NO_WARNINGS. See online help for details.
C:\Users\Administrator\Desktop\新建文件夹 (3)\副机\LeechCore\Leechcore.cpp(348,9): warning C4996: 'wcstombs': This function or variable may be unsafe. Consider using wcstombs_s instead. To disable deprecation, use _CRT_SECURE_NO_WARNINGS. See online help for details.
    正在创建库 C:\Users\Administrator\Desktop\新建文件夹 (3)\副机\x64\Release\LeechCore.lib 和对象 C:\Users\Administrator\Desktop\新建文件夹 (3)\副机\x64\Release\LeechCore.exp
  正在生成代码
  3 of 92 functions ( 3.3%) were compiled, the rest were copied from previous compilation.
    0 functions were new in current compilation
    2 functions had inline decision re-evaluated but remain unchanged
  已完成代码的生成
  LeechCore.vcxproj -> C:\Users\Administrator\Desktop\新建文件夹 (3)\副机\x64\Release\LeechCore.dll
